Ex1 (OOP) Simulator log: stage B3.json,  B3_a.csv
0.0,OOP_Ex1_Elevator_Simulator
0.0,Simulated Building, Building [-10,100]
0) ex1.Elevator_A, Elev_, id,0,  speed, 3.0, open: 2.0,  start: 3.0, close: 2.0,  stop: 3.0
1) ex1.Elevator_A, Elev_, id,1,  speed, 7.0, open: 1.4285714285714286,  start: 2.142857142857143, close: 1.4285714285714286,  stop: 2.142857142857143

0.0,Simulated Period starTime,0.0,  endTime,1104.1840186,  dt,1.0
0.0,Simulated  calls,Elevator log, size: 100
0.0,**** Simulation starts!! ****
5.0,Elevator call,4.37472729,0,-1,1,0, got allocated to elevator, 0
5.0,Elev,0,  arrived at src, 0, Elevator call,4.37472729,0,-1,2,0
5.0, elevID,0,  pos,0,  cmd, goto,-1
16.0,Elev,0,  arrived at dest, -1, this call is done!, Elevator call,4.37472729,0,-1,3,0, Done, dt, 11.62527271
17.0,Elevator call,16.95788289,-1,0,1,1, got allocated to elevator, 1
17.0, elevID,1,  pos,0,  cmd, goto,-1
23.0,Elevator call,22.0940563,0,-1,1,0, got allocated to elevator, 0
23.0, elevID,0,  pos,-1,  cmd, goto,0
25.0,Elev,1,  arrived at src, -1, Elevator call,16.95788289,-1,0,2,1
25.0, elevID,1,  pos,-1,  cmd, goto,0
33.0,Elev,1,  arrived at dest, 0, this call is done!, Elevator call,16.95788289,-1,0,3,1, Done, dt, 16.04211711
34.0,Elev,0,  arrived at src, 0, Elevator call,22.0940563,0,-1,2,0
34.0, elevID,0,  pos,0,  cmd, goto,-1
45.0,Elev,0,  arrived at dest, -1, this call is done!, Elevator call,22.0940563,0,-1,3,0, Done, dt, 22.9059437
86.0,Elevator call,85.52096662,3,2,1,1, got allocated to elevator, 1
86.0, elevID,1,  pos,0,  cmd, goto,3
92.0,Elevator call,91.21019413,-1,-2,1,1, got allocated to elevator, 1
94.0,Elev,1,  arrived at src, 3, Elevator call,85.52096662,3,2,2,1
94.0, elevID,1,  pos,3,  cmd, goto,2
102.0,Elev,1,  arrived at dest, 2, this call is done!, Elevator call,85.52096662,3,2,3,1, Done, dt, 16.479033380000004
102.0, elevID,1,  pos,2,  cmd, goto,-1
105.0,Elevator call,104.1370124,0,4,1,0, got allocated to elevator, 0
105.0, elevID,0,  pos,-1,  cmd, goto,0
110.0,Elevator call,109.2135291,-1,0,1,1, got allocated to elevator, 1
110.0,Elev,1,  arrived at src, -1, Elevator call,91.21019413,-1,-2,2,1
110.0,Elev,1,  arrived at src, -1, Elevator call,109.2135291,-1,0,2,1
110.0, elevID,1,  pos,-1,  cmd, goto,-2
115.0,Elevator call,114.392351,3,0,1,0, got allocated to elevator, 0
116.0,Elev,0,  arrived at src, 0, Elevator call,104.1370124,0,4,2,0
116.0, elevID,0,  pos,0,  cmd, goto,3
118.0,Elev,1,  arrived at dest, -2, this call is done!, Elevator call,91.21019413,-1,-2,3,1, Done, dt, 26.789805869999995
118.0, elevID,1,  pos,-2,  cmd, goto,0
125.0,Elevator call,124.425571,0,9,1,1, got allocated to elevator, 1
126.0,Elev,1,  arrived at dest, 0, this call is done!, Elevator call,109.2135291,-1,0,3,1, Done, dt, 16.786470899999998
126.0,Elev,1,  arrived at src, 0, Elevator call,124.425571,0,9,2,1
126.0, elevID,1,  pos,0,  cmd, goto,9
127.0,Elev,0,  arrived at src, 3, Elevator call,114.392351,3,0,2,0
127.0, elevID,0,  pos,3,  cmd, goto,4
131.0,Elevator call,130.0249568,8,10,1,1, got allocated to elevator, 1
131.0,Elevator call,130.2249113,-1,1,1,0, got allocated to elevator, 0
135.0,Elev,1,  arrived at dest, 9, this call is done!, Elevator call,124.425571,0,9,3,1, Done, dt, 10.574428999999995
135.0, elevID,1,  pos,9,  cmd, goto,8
138.0,Elevator call,137.9515274,0,4,1,1, got allocated to elevator, 1
138.0,Elev,0,  arrived at dest, 4, this call is done!, Elevator call,104.1370124,0,4,3,0, Done, dt, 33.8629876
138.0, elevID,0,  pos,4,  cmd, goto,0
143.0,Elev,1,  arrived at src, 8, Elevator call,130.0249568,8,10,2,1
143.0, elevID,1,  pos,8,  cmd, goto,0
144.0,Elevator call,143.9133584,0,6,1,0, got allocated to elevator, 0
150.0,Elev,0,  arrived at dest, 0, this call is done!, Elevator call,114.392351,3,0,3,0, Done, dt, 35.607648999999995
150.0,Elev,0,  arrived at src, 0, Elevator call,143.9133584,0,6,2,0
150.0, elevID,0,  pos,0,  cmd, goto,-1
152.0,Elev,1,  arrived at src, 0, Elevator call,137.9515274,0,4,2,1
152.0, elevID,1,  pos,0,  cmd, goto,4
160.0,Elev,1,  arrived at dest, 4, this call is done!, Elevator call,137.9515274,0,4,3,1, Done, dt, 22.048472599999997
160.0, elevID,1,  pos,4,  cmd, goto,10
161.0,Elev,0,  arrived at src, -1, Elevator call,130.2249113,-1,1,2,0
161.0, elevID,0,  pos,-1,  cmd, goto,1
168.0,Elev,1,  arrived at dest, 10, this call is done!, Elevator call,130.0249568,8,10,3,1, Done, dt, 37.97504319999999
170.0,Elevator call,169.7845834,-1,0,1,1, got allocated to elevator, 1
170.0, elevID,1,  pos,10,  cmd, goto,-1
171.0,Elevator call,170.0099621,0,6,1,1, got allocated to elevator, 1
, elevID,1,  pos,10,  cmd, stop,0
172.0,Elevator call,171.2117332,-1,8,1,0, got allocated to elevator, 0
172.0,Elev,0,  arrived at dest, 1, this call is done!, Elevator call,130.2249113,-1,1,3,0, Done, dt, 41.7750887
172.0, elevID,0,  pos,1,  cmd, goto,6
175.0,Elevator call,174.8438515,0,-1,1,1, got allocated to elevator, 1
179.0,Elev,1,  arrived at src, 0, Elevator call,170.0099621,0,6,2,1
179.0,Elev,1,  arrived at src, 0, Elevator call,174.8438515,0,-1,2,1
179.0, elevID,1,  pos,0,  cmd, goto,-1
184.0,Elev,0,  arrived at dest, 6, this call is done!, Elevator call,143.9133584,0,6,3,0, Done, dt, 40.08664160000001
184.0, elevID,0,  pos,6,  cmd, goto,-1
187.0,Elev,1,  arrived at src, -1, Elevator call,169.7845834,-1,0,2,1
187.0,Elev,1,  arrived at dest, -1, this call is done!, Elevator call,174.8438515,0,-1,3,1, Done, dt, 12.1561485
187.0, elevID,1,  pos,-1,  cmd, goto,0
188.0,Elevator call,187.1167862,-1,-2,1,0, got allocated to elevator, 0
188.0,Elevator call,187.7299318,-1,-2,1,1, got allocated to elevator, 1
188.0, elevID,1,  pos,-1,  cmd, stop,-1
195.0,Elev,1,  arrived at src, -1, Elevator call,187.7299318,-1,-2,2,1
195.0, elevID,1,  pos,-1,  cmd, goto,0
196.0,Elevator call,195.9086965,0,7,1,0, got allocated to elevator, 0
197.0,Elev,0,  arrived at src, -1, Elevator call,171.2117332,-1,8,2,0
197.0,Elev,0,  arrived at src, -1, Elevator call,187.1167862,-1,-2,2,0
197.0, elevID,0,  pos,-1,  cmd, goto,-2
198.0,Elevator call,197.5359191,-1,1,1,1, got allocated to elevator, 1
198.0, elevID,1,  pos,-1,  cmd, stop,-1
203.0,Elev,1,  arrived at src, -1, Elevator call,197.5359191,-1,1,2,1
203.0, elevID,1,  pos,-1,  cmd, goto,0
206.0,Elevator call,205.9895199,-1,0,1,1, got allocated to elevator, 1
206.0, elevID,1,  pos,-1,  cmd, stop,-1
208.0,Elev,0,  arrived at dest, -2, this call is done!, Elevator call,187.1167862,-1,-2,3,0, Done, dt, 20.883213799999993
208.0, elevID,0,  pos,-2,  cmd, goto,0
211.0,Elev,1,  arrived at src, -1, Elevator call,205.9895199,-1,0,2,1
211.0, elevID,1,  pos,-1,  cmd, goto,0
219.0,Elev,0,  arrived at src, 0, Elevator call,195.9086965,0,7,2,0
219.0, elevID,0,  pos,0,  cmd, goto,7
219.0,Elev,1,  arrived at dest, 0, this call is done!, Elevator call,169.7845834,-1,0,3,1, Done, dt, 49.2154166
219.0,Elev,1,  arrived at dest, 0, this call is done!, Elevator call,205.9895199,-1,0,3,1, Done, dt, 13.010480099999995
219.0, elevID,1,  pos,0,  cmd, goto,1
227.0,Elev,1,  arrived at dest, 1, this call is done!, Elevator call,197.5359191,-1,1,3,1, Done, dt, 29.4640809
227.0, elevID,1,  pos,1,  cmd, goto,6
228.0,Elevator call,227.0798305,-1,5,1,0, got allocated to elevator, 0
232.0,Elevator call,231.5157882,-1,0,1,1, got allocated to elevator, 1
232.0,Elev,0,  arrived at dest, 7, this call is done!, Elevator call,195.9086965,0,7,3,0, Done, dt, 36.09130350000001
232.0, elevID,0,  pos,7,  cmd, goto,8
233.0,Elevator call,232.9504362,0,-1,1,0, got allocated to elevator, 0
235.0,Elev,1,  arrived at dest, 6, this call is done!, Elevator call,170.0099621,0,6,3,1, Done, dt, 64.9900379
235.0, elevID,1,  pos,6,  cmd, goto,-1
243.0,Elev,0,  arrived at dest, 8, this call is done!, Elevator call,171.2117332,-1,8,3,0, Done, dt, 71.7882668
243.0, elevID,0,  pos,8,  cmd, goto,0
244.0,Elev,1,  arrived at src, -1, Elevator call,231.5157882,-1,0,2,1
244.0, elevID,1,  pos,-1,  cmd, goto,-2
252.0,Elevator call,251.1044469,-1,-2,1,1, got allocated to elevator, 1
252.0,Elevator call,251.2359335,0,9,1,0, got allocated to elevator, 0
252.0,Elev,1,  arrived at dest, -2, this call is done!, Elevator call,187.7299318,-1,-2,3,1, Done, dt, 64.2700682
252.0, elevID,1,  pos,-2,  cmd, goto,-1
255.0,Elevator call,254.6977153,3,4,1,1, got allocated to elevator, 1
256.0,Elev,0,  arrived at src, 0, Elevator call,232.9504362,0,-1,2,0
256.0,Elev,0,  arrived at src, 0, Elevator call,251.2359335,0,9,2,0
256.0, elevID,0,  pos,0,  cmd, goto,-1
258.0,Elevator call,257.7974435,-1,0,1,1, got allocated to elevator, 1
260.0,Elev,1,  arrived at src, -1, Elevator call,251.1044469,-1,-2,2,1
260.0,Elev,1,  arrived at src, -1, Elevator call,257.7974435,-1,0,2,1
260.0, elevID,1,  pos,-1,  cmd, goto,0
267.0,Elev,0,  arrived at src, -1, Elevator call,227.0798305,-1,5,2,0
267.0,Elev,0,  arrived at dest, -1, this call is done!, Elevator call,232.9504362,0,-1,3,0, Done, dt, 34.04956379999999
267.0, elevID,0,  pos,-1,  cmd, goto,5
268.0,Elev,1,  arrived at dest, 0, this call is done!, Elevator call,231.5157882,-1,0,3,1, Done, dt, 36.4842118
268.0,Elev,1,  arrived at dest, 0, this call is done!, Elevator call,257.7974435,-1,0,3,1, Done, dt, 10.202556500000014
268.0, elevID,1,  pos,0,  cmd, goto,3
276.0,Elev,1,  arrived at src, 3, Elevator call,254.6977153,3,4,2,1
276.0, elevID,1,  pos,3,  cmd, goto,4
279.0,Elev,0,  arrived at dest, 5, this call is done!, Elevator call,227.0798305,-1,5,3,0, Done, dt, 51.920169499999986
279.0, elevID,0,  pos,5,  cmd, goto,9
284.0,Elev,1,  arrived at dest, 4, this call is done!, Elevator call,254.6977153,3,4,3,1, Done, dt, 29.3022847
284.0, elevID,1,  pos,4,  cmd, goto,-2
291.0,Elev,0,  arrived at dest, 9, this call is done!, Elevator call,251.2359335,0,9,3,0, Done, dt, 39.76406650000001
292.0,Elev,1,  arrived at dest, -2, this call is done!, Elevator call,251.1044469,-1,-2,3,1, Done, dt, 40.8955531
296.0,Elevator call,295.7943357,0,1,1,0, got allocated to elevator, 0
296.0, elevID,0,  pos,9,  cmd, goto,0
305.0,Elevator call,304.9984388,6,0,1,1, got allocated to elevator, 1
305.0, elevID,1,  pos,-2,  cmd, goto,6
309.0,Elev,0,  arrived at src, 0, Elevator call,295.7943357,0,1,2,0
309.0, elevID,0,  pos,0,  cmd, goto,1
310.0,Elevator call,309.3005383,0,-1,1,0, got allocated to elevator, 0
310.0, elevID,0,  pos,0,  cmd, stop,0
313.0,Elevator call,312.3018556,0,-1,1,1, got allocated to elevator, 1
314.0,Elev,1,  arrived at src, 6, Elevator call,304.9984388,6,0,2,1
314.0, elevID,1,  pos,6,  cmd, goto,0
317.0,Elevator call,316.0323783,0,-1,1,0, got allocated to elevator, 0
319.0,Elev,0,  arrived at src, 0, Elevator call,309.3005383,0,-1,2,0
319.0,Elev,0,  arrived at src, 0, Elevator call,316.0323783,0,-1,2,0
319.0, elevID,0,  pos,0,  cmd, goto,1
320.0,Elevator call,319.905202,6,5,1,1, got allocated to elevator, 1
321.0,Elevator call,320.9760749,-1,0,1,0, got allocated to elevator, 0
322.0,Elevator call,321.370409,7,-1,1,1, got allocated to elevator, 1
322.0,Elev,1,  arrived at dest, 0, this call is done!, Elevator call,304.9984388,6,0,3,1, Done, dt, 17.001561200000026
322.0,Elev,1,  arrived at src, 0, Elevator call,312.3018556,0,-1,2,1
322.0, elevID,1,  pos,0,  cmd, goto,-1
330.0,Elev,0,  arrived at dest, 1, this call is done!, Elevator call,295.7943357,0,1,3,0, Done, dt, 34.205664300000024
330.0, elevID,0,  pos,1,  cmd, goto,-1
330.0,Elev,1,  arrived at dest, -1, this call is done!, Elevator call,312.3018556,0,-1,3,1, Done, dt, 17.69814439999999
330.0, elevID,1,  pos,-1,  cmd, goto,6
333.0,Elevator call,332.4267319,0,10,1,1, got allocated to elevator, 1
333.0, elevID,1,  pos,-1,  cmd, stop,0
337.0,Elevator call,336.9304305,-1,0,1,0, got allocated to elevator, 0
338.0,Elev,1,  arrived at src, 0, Elevator call,332.4267319,0,10,2,1
338.0, elevID,1,  pos,0,  cmd, goto,6
341.0,Elev,0,  arrived at dest, -1, this call is done!, Elevator call,309.3005383,0,-1,3,0, Done, dt, 31.699461699999972
341.0,Elev,0,  arrived at dest, -1, this call is done!, Elevator call,316.0323783,0,-1,3,0, Done, dt, 24.967621699999995
341.0,Elev,0,  arrived at src, -1, Elevator call,320.9760749,-1,0,2,0
341.0,Elev,0,  arrived at src, -1, Elevator call,336.9304305,-1,0,2,0
341.0, elevID,0,  pos,-1,  cmd, goto,0
346.0,Elev,1,  arrived at src, 6, Elevator call,319.905202,6,5,2,1
346.0, elevID,1,  pos,6,  cmd, goto,7
352.0,Elev,0,  arrived at dest, 0, this call is done!, Elevator call,320.9760749,-1,0,3,0, Done, dt, 31.023925099999985
352.0,Elev,0,  arrived at dest, 0, this call is done!, Elevator call,336.9304305,-1,0,3,0, Done, dt, 15.0695695
354.0,Elev,1,  arrived at src, 7, Elevator call,321.370409,7,-1,2,1
354.0, elevID,1,  pos,7,  cmd, goto,10
362.0,Elev,1,  arrived at dest, 10, this call is done!, Elevator call,332.4267319,0,10,3,1, Done, dt, 29.573268100000007
362.0, elevID,1,  pos,10,  cmd, goto,5
370.0,Elev,1,  arrived at dest, 5, this call is done!, Elevator call,319.905202,6,5,3,1, Done, dt, 50.094798000000026
370.0, elevID,1,  pos,5,  cmd, goto,-1
376.0,Elevator call,375.490481,1,0,1,1, got allocated to elevator, 1
378.0,Elev,1,  arrived at dest, -1, this call is done!, Elevator call,321.370409,7,-1,3,1, Done, dt, 56.629591000000005
378.0, elevID,1,  pos,-1,  cmd, goto,1
386.0,Elev,1,  arrived at src, 1, Elevator call,375.490481,1,0,2,1
386.0, elevID,1,  pos,1,  cmd, goto,0
393.0,Elevator call,392.5160765,0,5,1,1, got allocated to elevator, 1
394.0,Elev,1,  arrived at dest, 0, this call is done!, Elevator call,375.490481,1,0,3,1, Done, dt, 18.50951900000001
394.0,Elev,1,  arrived at src, 0, Elevator call,392.5160765,0,5,2,1
394.0, elevID,1,  pos,0,  cmd, goto,5
402.0,Elev,1,  arrived at dest, 5, this call is done!, Elevator call,392.5160765,0,5,3,1, Done, dt, 9.483923500000003
406.0,Elevator call,405.1821141,-1,10,1,0, got allocated to elevator, 0
406.0, elevID,0,  pos,0,  cmd, goto,-1
417.0,Elev,0,  arrived at src, -1, Elevator call,405.1821141,-1,10,2,0
417.0, elevID,0,  pos,-1,  cmd, goto,10
427.0,Elevator call,426.8615805,2,0,1,1, got allocated to elevator, 1
427.0, elevID,1,  pos,5,  cmd, goto,2
431.0,Elev,0,  arrived at dest, 10, this call is done!, Elevator call,405.1821141,-1,10,3,0, Done, dt, 25.81788590000002
435.0,Elev,1,  arrived at src, 2, Elevator call,426.8615805,2,0,2,1
435.0, elevID,1,  pos,2,  cmd, goto,0
438.0,Elevator call,437.1711158,1,0,1,0, got allocated to elevator, 0
438.0, elevID,0,  pos,10,  cmd, goto,1
443.0,Elev,1,  arrived at dest, 0, this call is done!, Elevator call,426.8615805,2,0,3,1, Done, dt, 16.138419499999998
451.0,Elev,0,  arrived at src, 1, Elevator call,437.1711158,1,0,2,0
451.0, elevID,0,  pos,1,  cmd, goto,0
462.0,Elev,0,  arrived at dest, 0, this call is done!, Elevator call,437.1711158,1,0,3,0, Done, dt, 24.828884200000005
473.0,Elevator call,472.7445474,10,-1,1,0, got allocated to elevator, 0
473.0, elevID,0,  pos,0,  cmd, goto,10
487.0,Elev,0,  arrived at src, 10, Elevator call,472.7445474,10,-1,2,0
487.0, elevID,0,  pos,10,  cmd, goto,-1
501.0,Elevator call,500.3712045,8,-1,1,1, got allocated to elevator, 1
501.0,Elev,0,  arrived at dest, -1, this call is done!, Elevator call,472.7445474,10,-1,3,0, Done, dt, 28.255452600000012
501.0, elevID,1,  pos,0,  cmd, goto,8
504.0,Elevator call,503.1384784,1,-1,1,1, got allocated to elevator, 1
504.0, elevID,1,  pos,0,  cmd, stop,1
505.0,Elevator call,504.4317942,0,-1,1,1, got allocated to elevator, 1
509.0,Elev,1,  arrived at src, 1, Elevator call,503.1384784,1,-1,2,1
509.0, elevID,1,  pos,1,  cmd, goto,8
518.0,Elev,1,  arrived at src, 8, Elevator call,500.3712045,8,-1,2,1
518.0, elevID,1,  pos,8,  cmd, goto,0
527.0,Elev,1,  arrived at src, 0, Elevator call,504.4317942,0,-1,2,1
527.0, elevID,1,  pos,0,  cmd, goto,-1
530.0,Elevator call,529.6277472,3,-1,1,0, got allocated to elevator, 0
530.0, elevID,0,  pos,-1,  cmd, goto,3
535.0,Elev,1,  arrived at dest, -1, this call is done!, Elevator call,500.3712045,8,-1,3,1, Done, dt, 34.628795500000024
535.0,Elev,1,  arrived at dest, -1, this call is done!, Elevator call,503.1384784,1,-1,3,1, Done, dt, 31.861521600000003
535.0,Elev,1,  arrived at dest, -1, this call is done!, Elevator call,504.4317942,0,-1,3,1, Done, dt, 30.568205799999987
538.0,Elevator call,537.7866884,-1,6,1,1, got allocated to elevator, 1
538.0,Elev,1,  arrived at src, -1, Elevator call,537.7866884,-1,6,2,1
538.0, elevID,1,  pos,-1,  cmd, goto,6
542.0,Elev,0,  arrived at src, 3, Elevator call,529.6277472,3,-1,2,0
542.0, elevID,0,  pos,3,  cmd, goto,-1
545.0,Elevator call,544.7880392,6,-1,1,0, got allocated to elevator, 0
547.0,Elev,1,  arrived at dest, 6, this call is done!, Elevator call,537.7866884,-1,6,3,1, Done, dt, 9.213311599999997
554.0,Elev,0,  arrived at dest, -1, this call is done!, Elevator call,529.6277472,3,-1,3,0, Done, dt, 24.372252799999956
554.0, elevID,0,  pos,-1,  cmd, goto,6
555.0,Elevator call,554.0892923,4,0,1,1, got allocated to elevator, 1
555.0, elevID,1,  pos,6,  cmd, goto,4
558.0,Elevator call,557.244139,10,0,1,1, got allocated to elevator, 1
563.0,Elev,1,  arrived at src, 4, Elevator call,554.0892923,4,0,2,1
563.0, elevID,1,  pos,4,  cmd, goto,0
566.0,Elevator call,565.0195522,0,-1,1,0, got allocated to elevator, 0
567.0,Elev,0,  arrived at src, 6, Elevator call,544.7880392,6,-1,2,0
567.0, elevID,0,  pos,6,  cmd, goto,0
571.0,Elev,1,  arrived at dest, 0, this call is done!, Elevator call,554.0892923,4,0,3,1, Done, dt, 16.91070769999999
571.0, elevID,1,  pos,0,  cmd, goto,10
579.0,Elev,0,  arrived at src, 0, Elevator call,565.0195522,0,-1,2,0
579.0, elevID,0,  pos,0,  cmd, goto,-1
580.0,Elev,1,  arrived at src, 10, Elevator call,557.244139,10,0,2,1
580.0, elevID,1,  pos,10,  cmd, goto,0
582.0,Elevator call,581.870309,0,3,1,0, got allocated to elevator, 0
, elevID,0,  pos,0,  cmd, stop,0
589.0,Elev,0,  arrived at src, 0, Elevator call,581.870309,0,3,2,0
589.0, elevID,0,  pos,0,  cmd, goto,-1
589.0,Elev,1,  arrived at dest, 0, this call is done!, Elevator call,557.244139,10,0,3,1, Done, dt, 31.75586099999998
597.0,Elevator call,596.1232023,8,0,1,1, got allocated to elevator, 1
597.0, elevID,1,  pos,0,  cmd, goto,8
600.0,Elev,0,  arrived at dest, -1, this call is done!, Elevator call,544.7880392,6,-1,3,0, Done, dt, 55.21196080000004
600.0,Elev,0,  arrived at dest, -1, this call is done!, Elevator call,565.0195522,0,-1,3,0, Done, dt, 34.98044779999998
600.0, elevID,0,  pos,-1,  cmd, goto,3
601.0,Elevator call,600.931288,1,0,1,1, got allocated to elevator, 1
604.0,Elevator call,603.9342327,7,0,1,1, got allocated to elevator, 1
606.0,Elev,1,  arrived at src, 8, Elevator call,596.1232023,8,0,2,1
606.0, elevID,1,  pos,8,  cmd, goto,7
612.0,Elev,0,  arrived at dest, 3, this call is done!, Elevator call,581.870309,0,3,3,0, Done, dt, 30.12969099999998
614.0,Elev,1,  arrived at src, 7, Elevator call,603.9342327,7,0,2,1
614.0, elevID,1,  pos,7,  cmd, goto,1
618.0,Elevator call,617.9628339,0,3,1,0, got allocated to elevator, 0
618.0, elevID,0,  pos,3,  cmd, goto,0
620.0,Elevator call,619.6454197,9,0,1,1, got allocated to elevator, 1
622.0,Elev,1,  arrived at src, 1, Elevator call,600.931288,1,0,2,1
622.0, elevID,1,  pos,1,  cmd, goto,0
627.0,Elevator call,626.2116172,0,1,1,0, got allocated to elevator, 0
629.0,Elev,0,  arrived at src, 0, Elevator call,617.9628339,0,3,2,0
629.0,Elev,0,  arrived at src, 0, Elevator call,626.2116172,0,1,2,0
629.0, elevID,0,  pos,0,  cmd, goto,1
630.0,Elev,1,  arrived at dest, 0, this call is done!, Elevator call,596.1232023,8,0,3,1, Done, dt, 33.8767977
630.0,Elev,1,  arrived at dest, 0, this call is done!, Elevator call,600.931288,1,0,3,1, Done, dt, 29.068712000000005
630.0,Elev,1,  arrived at dest, 0, this call is done!, Elevator call,603.9342327,7,0,3,1, Done, dt, 26.065767299999948
630.0, elevID,1,  pos,0,  cmd, goto,9
639.0,Elev,1,  arrived at src, 9, Elevator call,619.6454197,9,0,2,1
639.0, elevID,1,  pos,9,  cmd, goto,0
640.0,Elev,0,  arrived at dest, 1, this call is done!, Elevator call,626.2116172,0,1,3,0, Done, dt, 13.788382800000022
640.0, elevID,0,  pos,1,  cmd, goto,3
644.0,Elevator call,643.8547515,-1,2,1,1, got allocated to elevator, 1
648.0,Elev,1,  arrived at dest, 0, this call is done!, Elevator call,619.6454197,9,0,3,1, Done, dt, 28.354580299999952
648.0, elevID,1,  pos,0,  cmd, goto,-1
651.0,Elev,0,  arrived at dest, 3, this call is done!, Elevator call,617.9628339,0,3,3,0, Done, dt, 33.037166100000036
656.0,Elev,1,  arrived at src, -1, Elevator call,643.8547515,-1,2,2,1
656.0, elevID,1,  pos,-1,  cmd, goto,2
661.0,Elevator call,660.0732908,6,10,1,1, got allocated to elevator, 1
662.0,Elevator call,661.042082,-1,3,1,0, got allocated to elevator, 0
662.0, elevID,0,  pos,3,  cmd, goto,-1
663.0,Elevator call,662.1730528,-1,5,1,1, got allocated to elevator, 1
664.0,Elev,1,  arrived at dest, 2, this call is done!, Elevator call,643.8547515,-1,2,3,1, Done, dt, 20.14524849999998
664.0, elevID,1,  pos,2,  cmd, goto,6
666.0,Elevator call,665.1155549,-1,8,1,0, got allocated to elevator, 0
667.0,Elevator call,666.0340295,4,0,1,0, got allocated to elevator, 0
667.0,Elevator call,666.2411587,5,-1,1,1, got allocated to elevator, 1
667.0, elevID,1,  pos,2,  cmd, stop,5
672.0,Elev,1,  arrived at src, 5, Elevator call,666.2411587,5,-1,2,1
672.0, elevID,1,  pos,5,  cmd, goto,6
673.0,Elevator call,672.6773142,0,-1,1,1, got allocated to elevator, 1
674.0,Elev,0,  arrived at src, -1, Elevator call,661.042082,-1,3,2,0
674.0,Elev,0,  arrived at src, -1, Elevator call,665.1155549,-1,8,2,0
674.0, elevID,0,  pos,-1,  cmd, goto,3
678.0,Elevator call,677.7341948,0,-1,1,1, got allocated to elevator, 1
679.0,Elevator call,678.9953585,-1,-2,1,0, got allocated to elevator, 0
679.0, elevID,0,  pos,-1,  cmd, stop,-1
680.0,Elev,1,  arrived at src, 6, Elevator call,660.0732908,6,10,2,1
680.0, elevID,1,  pos,6,  cmd, goto,10
684.0,Elev,0,  arrived at src, -1, Elevator call,678.9953585,-1,-2,2,0
684.0, elevID,0,  pos,-1,  cmd, goto,3
688.0,Elev,1,  arrived at dest, 10, this call is done!, Elevator call,660.0732908,6,10,3,1, Done, dt, 27.926709200000005
688.0, elevID,1,  pos,10,  cmd, goto,0
696.0,Elevator call,695.2239882,0,10,1,1, got allocated to elevator, 1
696.0,Elev,0,  arrived at dest, 3, this call is done!, Elevator call,661.042082,-1,3,3,0, Done, dt, 34.95791799999995
696.0, elevID,0,  pos,3,  cmd, goto,4
697.0,Elev,1,  arrived at src, 0, Elevator call,672.6773142,0,-1,2,1
697.0,Elev,1,  arrived at src, 0, Elevator call,677.7341948,0,-1,2,1
697.0,Elev,1,  arrived at src, 0, Elevator call,695.2239882,0,10,2,1
697.0, elevID,1,  pos,0,  cmd, goto,-1
705.0,Elev,1,  arrived at src, -1, Elevator call,662.1730528,-1,5,2,1
705.0,Elev,1,  arrived at dest, -1, this call is done!, Elevator call,666.2411587,5,-1,3,1, Done, dt, 38.75884129999997
705.0,Elev,1,  arrived at dest, -1, this call is done!, Elevator call,672.6773142,0,-1,3,1, Done, dt, 32.322685800000045
705.0,Elev,1,  arrived at dest, -1, this call is done!, Elevator call,677.7341948,0,-1,3,1, Done, dt, 27.265805200000045
705.0, elevID,1,  pos,-1,  cmd, goto,5
707.0,Elevator call,706.1583475,-1,-2,1,0, got allocated to elevator, 0
707.0,Elev,0,  arrived at src, 4, Elevator call,666.0340295,4,0,2,0
707.0, elevID,0,  pos,4,  cmd, goto,8
711.0,Elevator call,710.324977,0,1,1,1, got allocated to elevator, 1
713.0,Elev,1,  arrived at dest, 5, this call is done!, Elevator call,662.1730528,-1,5,3,1, Done, dt, 50.82694719999995
713.0, elevID,1,  pos,5,  cmd, goto,10
714.0,Elevator call,713.0191971,1,0,1,0, got allocated to elevator, 0
714.0,Elevator call,713.2499766,10,-1,1,1, got allocated to elevator, 1
719.0,Elev,0,  arrived at dest, 8, this call is done!, Elevator call,665.1155549,-1,8,3,0, Done, dt, 53.88444509999999
719.0, elevID,0,  pos,8,  cmd, goto,1
721.0,Elev,1,  arrived at dest, 10, this call is done!, Elevator call,695.2239882,0,10,3,1, Done, dt, 25.776011799999992
721.0,Elev,1,  arrived at src, 10, Elevator call,713.2499766,10,-1,2,1
721.0, elevID,1,  pos,10,  cmd, goto,0
723.0,Elevator call,722.6161213,10,0,1,1, got allocated to elevator, 1
, elevID,1,  pos,10,  cmd, stop,10
728.0,Elevator call,727.5146029,-1,0,1,0, got allocated to elevator, 0
729.0,Elev,1,  arrived at src, 10, Elevator call,722.6161213,10,0,2,1
729.0, elevID,1,  pos,10,  cmd, goto,0
732.0,Elev,0,  arrived at src, 1, Elevator call,713.0191971,1,0,2,0
732.0, elevID,0,  pos,1,  cmd, goto,0
733.0,Elevator call,732.9746341,6,-1,1,1, got allocated to elevator, 1
, elevID,1,  pos,7,  cmd, stop,6
737.0,Elev,1,  arrived at src, 6, Elevator call,732.9746341,6,-1,2,1
737.0, elevID,1,  pos,6,  cmd, goto,0
738.0,Elevator call,737.3147202,1,0,1,0, got allocated to elevator, 0
743.0,Elev,0,  arrived at dest, 0, this call is done!, Elevator call,666.0340295,4,0,3,0, Done, dt, 76.96597050000003
743.0,Elev,0,  arrived at dest, 0, this call is done!, Elevator call,713.0191971,1,0,3,0, Done, dt, 29.980802899999958
743.0, elevID,0,  pos,0,  cmd, goto,-1
745.0,Elev,1,  arrived at src, 0, Elevator call,710.324977,0,1,2,1
745.0,Elev,1,  arrived at dest, 0, this call is done!, Elevator call,722.6161213,10,0,3,1, Done, dt, 22.38387869999997
745.0, elevID,1,  pos,0,  cmd, goto,-1
753.0,Elev,1,  arrived at dest, -1, this call is done!, Elevator call,713.2499766,10,-1,3,1, Done, dt, 39.75002340000003
753.0,Elev,1,  arrived at dest, -1, this call is done!, Elevator call,732.9746341,6,-1,3,1, Done, dt, 20.025365899999997
753.0, elevID,1,  pos,-1,  cmd, goto,1
754.0,Elev,0,  arrived at src, -1, Elevator call,706.1583475,-1,-2,2,0
754.0,Elev,0,  arrived at src, -1, Elevator call,727.5146029,-1,0,2,0
754.0, elevID,0,  pos,-1,  cmd, goto,-2
761.0,Elev,1,  arrived at dest, 1, this call is done!, Elevator call,710.324977,0,1,3,1, Done, dt, 50.67502300000001
765.0,Elev,0,  arrived at dest, -2, this call is done!, Elevator call,678.9953585,-1,-2,3,0, Done, dt, 86.00464150000005
765.0,Elev,0,  arrived at dest, -2, this call is done!, Elevator call,706.1583475,-1,-2,3,0, Done, dt, 58.84165250000001
765.0, elevID,0,  pos,-2,  cmd, goto,0
776.0,Elev,0,  arrived at dest, 0, this call is done!, Elevator call,727.5146029,-1,0,3,0, Done, dt, 48.4853971
776.0, elevID,0,  pos,0,  cmd, goto,1
780.0,Elevator call,779.3996914,-1,5,1,1, got allocated to elevator, 1
780.0, elevID,1,  pos,1,  cmd, goto,-1
787.0,Elev,0,  arrived at src, 1, Elevator call,737.3147202,1,0,2,0
787.0, elevID,0,  pos,1,  cmd, goto,0
788.0,Elev,1,  arrived at src, -1, Elevator call,779.3996914,-1,5,2,1
788.0, elevID,1,  pos,-1,  cmd, goto,5
796.0,Elev,1,  arrived at dest, 5, this call is done!, Elevator call,779.3996914,-1,5,3,1, Done, dt, 16.60030859999995
798.0,Elev,0,  arrived at dest, 0, this call is done!, Elevator call,737.3147202,1,0,3,0, Done, dt, 60.68527979999999
806.0,Elevator call,805.6754743,-1,-2,1,0, got allocated to elevator, 0
806.0, elevID,0,  pos,0,  cmd, goto,-1
811.0,Elevator call,810.4469089,2,0,1,1, got allocated to elevator, 1
811.0, elevID,1,  pos,5,  cmd, goto,2
817.0,Elevator call,816.1516998,7,-1,1,0, got allocated to elevator, 0
817.0,Elev,0,  arrived at src, -1, Elevator call,805.6754743,-1,-2,2,0
817.0, elevID,0,  pos,-1,  cmd, goto,-2
819.0,Elev,1,  arrived at src, 2, Elevator call,810.4469089,2,0,2,1
819.0, elevID,1,  pos,2,  cmd, goto,0
826.0,Elevator call,825.4575185,7,0,1,1, got allocated to elevator, 1
827.0,Elev,1,  arrived at dest, 0, this call is done!, Elevator call,810.4469089,2,0,3,1, Done, dt, 16.55309109999996
827.0, elevID,1,  pos,0,  cmd, goto,7
828.0,Elev,0,  arrived at dest, -2, this call is done!, Elevator call,805.6754743,-1,-2,3,0, Done, dt, 22.32452569999998
828.0, elevID,0,  pos,-2,  cmd, goto,7
836.0,Elev,1,  arrived at src, 7, Elevator call,825.4575185,7,0,2,1
836.0, elevID,1,  pos,7,  cmd, goto,0
840.0,Elevator call,839.8525653,0,1,1,1, got allocated to elevator, 1
841.0,Elev,0,  arrived at src, 7, Elevator call,816.1516998,7,-1,2,0
841.0, elevID,0,  pos,7,  cmd, goto,-1
845.0,Elev,1,  arrived at dest, 0, this call is done!, Elevator call,825.4575185,7,0,3,1, Done, dt, 19.542481500000008
845.0,Elev,1,  arrived at src, 0, Elevator call,839.8525653,0,1,2,1
845.0, elevID,1,  pos,0,  cmd, goto,1
853.0,Elev,1,  arrived at dest, 1, this call is done!, Elevator call,839.8525653,0,1,3,1, Done, dt, 13.147434699999963
854.0,Elev,0,  arrived at dest, -1, this call is done!, Elevator call,816.1516998,7,-1,3,0, Done, dt, 37.84830020000004
855.0,Elevator call,854.2002278,6,-1,1,0, got allocated to elevator, 0
855.0, elevID,0,  pos,-1,  cmd, goto,6
864.0,Elevator call,863.8932913,0,-1,1,1, got allocated to elevator, 1
864.0, elevID,1,  pos,1,  cmd, goto,0
868.0,Elev,0,  arrived at src, 6, Elevator call,854.2002278,6,-1,2,0
868.0, elevID,0,  pos,6,  cmd, goto,-1
871.0,Elevator call,870.5053024,0,7,1,1, got allocated to elevator, 1
872.0,Elev,1,  arrived at src, 0, Elevator call,863.8932913,0,-1,2,1
872.0,Elev,1,  arrived at src, 0, Elevator call,870.5053024,0,7,2,1
872.0, elevID,1,  pos,0,  cmd, goto,-1
880.0,Elev,1,  arrived at dest, -1, this call is done!, Elevator call,863.8932913,0,-1,3,1, Done, dt, 16.106708700000013
880.0, elevID,1,  pos,-1,  cmd, goto,7
881.0,Elev,0,  arrived at dest, -1, this call is done!, Elevator call,854.2002278,6,-1,3,0, Done, dt, 26.799772200000007
887.0,Elevator call,886.5649993,-1,-2,1,0, got allocated to elevator, 0
887.0,Elev,0,  arrived at src, -1, Elevator call,886.5649993,-1,-2,2,0
887.0, elevID,0,  pos,-1,  cmd, goto,-2
889.0,Elev,1,  arrived at dest, 7, this call is done!, Elevator call,870.5053024,0,7,3,1, Done, dt, 18.494697599999995
893.0,Elevator call,892.5212151,9,-1,1,0, got allocated to elevator, 0
898.0,Elev,0,  arrived at dest, -2, this call is done!, Elevator call,886.5649993,-1,-2,3,0, Done, dt, 11.435000700000046
898.0, elevID,0,  pos,-2,  cmd, goto,9
911.0,Elevator call,910.5388559,6,5,1,1, got allocated to elevator, 1
911.0, elevID,1,  pos,7,  cmd, goto,6
912.0,Elev,0,  arrived at src, 9, Elevator call,892.5212151,9,-1,2,0
912.0, elevID,0,  pos,9,  cmd, goto,-1
916.0,Elevator call,915.9490575,4,-1,1,1, got allocated to elevator, 1
919.0,Elev,1,  arrived at src, 6, Elevator call,910.5388559,6,5,2,1
919.0, elevID,1,  pos,6,  cmd, goto,5
926.0,Elev,0,  arrived at dest, -1, this call is done!, Elevator call,892.5212151,9,-1,3,0, Done, dt, 33.47878490000005
927.0,Elev,1,  arrived at dest, 5, this call is done!, Elevator call,910.5388559,6,5,3,1, Done, dt, 16.461144099999956
927.0, elevID,1,  pos,5,  cmd, goto,4
934.0,Elevator call,933.8580452,7,5,1,0, got allocated to elevator, 0
934.0, elevID,0,  pos,-1,  cmd, goto,7
935.0,Elev,1,  arrived at src, 4, Elevator call,915.9490575,4,-1,2,1
935.0, elevID,1,  pos,4,  cmd, goto,-1
943.0,Elev,1,  arrived at dest, -1, this call is done!, Elevator call,915.9490575,4,-1,3,1, Done, dt, 27.05094250000002
947.0,Elev,0,  arrived at src, 7, Elevator call,933.8580452,7,5,2,0
947.0, elevID,0,  pos,7,  cmd, goto,5
958.0,Elev,0,  arrived at dest, 5, this call is done!, Elevator call,933.8580452,7,5,3,0, Done, dt, 24.141954800000008
962.0,Elevator call,961.6862856,6,-1,1,1, got allocated to elevator, 1
962.0, elevID,1,  pos,-1,  cmd, goto,6
971.0,Elev,1,  arrived at src, 6, Elevator call,961.6862856,6,-1,2,1
971.0, elevID,1,  pos,6,  cmd, goto,-1
973.0,Elevator call,972.8032126,1,0,1,1, got allocated to elevator, 1
, elevID,1,  pos,6,  cmd, stop,1
976.0,Elevator call,975.8361203,0,-1,1,0, got allocated to elevator, 0
976.0, elevID,0,  pos,5,  cmd, goto,0
979.0,Elevator call,978.5925149,10,0,1,1, got allocated to elevator, 1
979.0,Elevator call,978.6210501,10,-1,1,0, got allocated to elevator, 0
979.0,Elev,1,  arrived at src, 1, Elevator call,972.8032126,1,0,2,1
979.0, elevID,1,  pos,1,  cmd, goto,0
985.0,Elevator call,984.1840186,7,0,1,1, got allocated to elevator, 1
987.0,Elev,1,  arrived at dest, 0, this call is done!, Elevator call,972.8032126,1,0,3,1, Done, dt, 14.196787399999948
987.0, elevID,1,  pos,0,  cmd, goto,-1
988.0,Elev,0,  arrived at src, 0, Elevator call,975.8361203,0,-1,2,0
988.0, elevID,0,  pos,0,  cmd, goto,-1
995.0,Elev,1,  arrived at dest, -1, this call is done!, Elevator call,961.6862856,6,-1,3,1, Done, dt, 33.31371439999998
995.0, elevID,1,  pos,-1,  cmd, goto,7
999.0,Elev,0,  arrived at dest, -1, this call is done!, Elevator call,975.8361203,0,-1,3,0, Done, dt, 23.163879700000052
999.0, elevID,0,  pos,-1,  cmd, goto,10
1004.0,Elev,1,  arrived at src, 7, Elevator call,984.1840186,7,0,2,1
1004.0, elevID,1,  pos,7,  cmd, goto,10
1012.0,Elev,1,  arrived at src, 10, Elevator call,978.5925149,10,0,2,1
1012.0, elevID,1,  pos,10,  cmd, goto,0
1013.0,Elev,0,  arrived at src, 10, Elevator call,978.6210501,10,-1,2,0
1013.0, elevID,0,  pos,10,  cmd, goto,-1
1021.0,Elev,1,  arrived at dest, 0, this call is done!, Elevator call,978.5925149,10,0,3,1, Done, dt, 42.40748510000003
1021.0,Elev,1,  arrived at dest, 0, this call is done!, Elevator call,984.1840186,7,0,3,1, Done, dt, 36.815981400000055
1027.0,Elev,0,  arrived at dest, -1, this call is done!, Elevator call,978.6210501,10,-1,3,0, Done, dt, 48.37894989999995
1028.0,************* Simulation Ended ************
Code Owners,212174486,208601401,  Building_file,B3.json,  Calls,B3_a.csv
Total waiting time: 3086.0,  average waiting time per call: 30.86,  unCompleted calls,0,  certificate, -27565888
