Ex1 (OOP) Simulator log: stage ./data/Ex1_input/Ex1_Buildings/B4.json,  B4_a.csv
0.0,OOP_Ex1_Elevator_Simulator
0.0,Simulated Building, Building [-10,100]
0) ex1.Elevator_A, Elev_, id,0,  speed, 1.0, open: 2.0,  start: 3.0, close: 2.0,  stop: 3.0
1) ex1.Elevator_A, Elev_, id,1,  speed, 2.0, open: 2.0,  start: 3.0, close: 2.0,  stop: 3.0
2) ex1.Elevator_A, Elev_, id,2,  speed, 8.0, open: 1.25,  start: 1.875, close: 1.25,  stop: 1.875
3) ex1.Elevator_A, Elev_, id,3,  speed, 6.0, open: 1.6666666666666667,  start: 2.5, close: 1.6666666666666667,  stop: 2.5
4) ex1.Elevator_A, Elev_, id,4,  speed, 2.0, open: 2.0,  start: 3.0, close: 2.0,  stop: 3.0

0.0,Simulated Period starTime,0.0,  endTime,1104.1840186,  dt,1.0
0.0,Simulated  calls,Elevator log, size: 100
0.0,**** Simulation starts!! ****
5.0,Elevator call,4.37472729,0,-1,1,2, got allocated to elevator, 2
5.0,Elev,2,  arrived at src, 0, Elevator call,4.37472729,0,-1,2,2
5.0, elevID,2,  pos,0,  cmd, goto,-1
12.0,Elev,2,  arrived at dest, -1, this call is done!, Elevator call,4.37472729,0,-1,3,2, Done, dt, 7.62527271
17.0,Elevator call,16.95788289,-1,0,1,3, got allocated to elevator, 3
17.0, elevID,3,  pos,0,  cmd, goto,-1
23.0,Elevator call,22.0940563,0,-1,1,4, got allocated to elevator, 4
23.0,Elev,4,  arrived at src, 0, Elevator call,22.0940563,0,-1,2,4
23.0, elevID,4,  pos,0,  cmd, goto,-1
26.0,Elev,3,  arrived at src, -1, Elevator call,16.95788289,-1,0,2,3
26.0, elevID,3,  pos,-1,  cmd, goto,0
34.0,Elev,4,  arrived at dest, -1, this call is done!, Elevator call,22.0940563,0,-1,3,4, Done, dt, 11.905943700000002
35.0,Elev,3,  arrived at dest, 0, this call is done!, Elevator call,16.95788289,-1,0,3,3, Done, dt, 18.04211711
86.0,Elevator call,85.52096662,3,2,1,2, got allocated to elevator, 2
86.0, elevID,2,  pos,-1,  cmd, goto,3
92.0,Elevator call,91.21019413,-1,-2,1,0, got allocated to elevator, 0
92.0, elevID,0,  pos,0,  cmd, goto,-1
93.0,Elev,2,  arrived at src, 3, Elevator call,85.52096662,3,2,2,2
93.0, elevID,2,  pos,3,  cmd, goto,2
100.0,Elev,2,  arrived at dest, 2, this call is done!, Elevator call,85.52096662,3,2,3,2, Done, dt, 14.479033380000004
103.0,Elev,0,  arrived at src, -1, Elevator call,91.21019413,-1,-2,2,0
103.0, elevID,0,  pos,-1,  cmd, goto,-2
105.0,Elevator call,104.1370124,0,4,1,3, got allocated to elevator, 3
105.0,Elev,3,  arrived at src, 0, Elevator call,104.1370124,0,4,2,3
105.0, elevID,3,  pos,0,  cmd, goto,4
110.0,Elevator call,109.2135291,-1,0,1,2, got allocated to elevator, 2
110.0, elevID,2,  pos,2,  cmd, goto,-1
114.0,Elev,0,  arrived at dest, -2, this call is done!, Elevator call,91.21019413,-1,-2,3,0, Done, dt, 22.789805869999995
114.0,Elev,3,  arrived at dest, 4, this call is done!, Elevator call,104.1370124,0,4,3,3, Done, dt, 9.862987599999997
115.0,Elevator call,114.392351,3,0,1,0, got allocated to elevator, 0
115.0, elevID,0,  pos,-2,  cmd, goto,3
117.0,Elev,2,  arrived at src, -1, Elevator call,109.2135291,-1,0,2,2
117.0, elevID,2,  pos,-1,  cmd, goto,0
124.0,Elev,2,  arrived at dest, 0, this call is done!, Elevator call,109.2135291,-1,0,3,2, Done, dt, 14.786470899999998
125.0,Elevator call,124.425571,0,9,1,4, got allocated to elevator, 4
125.0, elevID,4,  pos,-1,  cmd, goto,0
130.0,Elev,0,  arrived at src, 3, Elevator call,114.392351,3,0,2,0
130.0, elevID,0,  pos,3,  cmd, goto,0
131.0,Elevator call,130.0249568,8,10,1,1, got allocated to elevator, 1
131.0,Elevator call,130.2249113,-1,1,1,3, got allocated to elevator, 3
131.0, elevID,1,  pos,0,  cmd, goto,8
131.0, elevID,3,  pos,4,  cmd, goto,-1
136.0,Elev,4,  arrived at src, 0, Elevator call,124.425571,0,9,2,4
136.0, elevID,4,  pos,0,  cmd, goto,9
138.0,Elevator call,137.9515274,0,4,1,2, got allocated to elevator, 2
138.0,Elev,2,  arrived at src, 0, Elevator call,137.9515274,0,4,2,2
138.0, elevID,2,  pos,0,  cmd, goto,4
141.0,Elev,3,  arrived at src, -1, Elevator call,130.2249113,-1,1,2,3
141.0, elevID,3,  pos,-1,  cmd, goto,1
143.0,Elev,0,  arrived at dest, 0, this call is done!, Elevator call,114.392351,3,0,3,0, Done, dt, 28.607648999999995
144.0,Elevator call,143.9133584,0,6,1,2, got allocated to elevator, 2
145.0,Elev,1,  arrived at src, 8, Elevator call,130.0249568,8,10,2,1
145.0, elevID,1,  pos,8,  cmd, goto,10
145.0,Elev,2,  arrived at dest, 4, this call is done!, Elevator call,137.9515274,0,4,3,2, Done, dt, 7.048472599999997
145.0, elevID,2,  pos,4,  cmd, goto,0
150.0,Elev,3,  arrived at dest, 1, this call is done!, Elevator call,130.2249113,-1,1,3,3, Done, dt, 19.775088699999998
151.0,Elev,4,  arrived at dest, 9, this call is done!, Elevator call,124.425571,0,9,3,4, Done, dt, 26.574428999999995
152.0,Elev,2,  arrived at src, 0, Elevator call,143.9133584,0,6,2,2
152.0, elevID,2,  pos,0,  cmd, goto,6
156.0,Elev,1,  arrived at dest, 10, this call is done!, Elevator call,130.0249568,8,10,3,1, Done, dt, 25.975043199999988
159.0,Elev,2,  arrived at dest, 6, this call is done!, Elevator call,143.9133584,0,6,3,2, Done, dt, 15.086641600000007
170.0,Elevator call,169.7845834,-1,0,1,3, got allocated to elevator, 3
170.0, elevID,3,  pos,1,  cmd, goto,-1
171.0,Elevator call,170.0099621,0,6,1,1, got allocated to elevator, 1
171.0, elevID,1,  pos,10,  cmd, goto,0
172.0,Elevator call,171.2117332,-1,8,1,0, got allocated to elevator, 0
172.0, elevID,0,  pos,0,  cmd, goto,-1
175.0,Elevator call,174.8438515,0,-1,1,1, got allocated to elevator, 1
179.0,Elev,3,  arrived at src, -1, Elevator call,169.7845834,-1,0,2,3
179.0, elevID,3,  pos,-1,  cmd, goto,0
183.0,Elev,0,  arrived at src, -1, Elevator call,171.2117332,-1,8,2,0
183.0, elevID,0,  pos,-1,  cmd, goto,8
186.0,Elev,1,  arrived at src, 0, Elevator call,170.0099621,0,6,2,1
186.0,Elev,1,  arrived at src, 0, Elevator call,174.8438515,0,-1,2,1
186.0, elevID,1,  pos,0,  cmd, goto,-1
188.0,Elevator call,187.1167862,-1,-2,1,4, got allocated to elevator, 4
188.0,Elevator call,187.7299318,-1,-2,1,2, got allocated to elevator, 2
188.0, elevID,2,  pos,6,  cmd, goto,-1
188.0,Elev,3,  arrived at dest, 0, this call is done!, Elevator call,169.7845834,-1,0,3,3, Done, dt, 18.215416599999998
188.0, elevID,4,  pos,9,  cmd, goto,-1
196.0,Elevator call,195.9086965,0,7,1,3, got allocated to elevator, 3
196.0,Elev,2,  arrived at src, -1, Elevator call,187.7299318,-1,-2,2,2
196.0, elevID,2,  pos,-1,  cmd, goto,-2
196.0,Elev,3,  arrived at src, 0, Elevator call,195.9086965,0,7,2,3
196.0, elevID,3,  pos,0,  cmd, goto,7
197.0,Elev,1,  arrived at dest, -1, this call is done!, Elevator call,174.8438515,0,-1,3,1, Done, dt, 22.1561485
197.0, elevID,1,  pos,-1,  cmd, goto,6
198.0,Elevator call,197.5359191,-1,1,1,2, got allocated to elevator, 2
, elevID,2,  pos,-1,  cmd, stop,-1
202.0,Elev,0,  arrived at dest, 8, this call is done!, Elevator call,171.2117332,-1,8,3,0, Done, dt, 30.788266800000002
203.0,Elev,2,  arrived at src, -1, Elevator call,197.5359191,-1,1,2,2
203.0, elevID,2,  pos,-1,  cmd, goto,-2
203.0,Elev,4,  arrived at src, -1, Elevator call,187.1167862,-1,-2,2,4
203.0, elevID,4,  pos,-1,  cmd, goto,-2
206.0,Elevator call,205.9895199,-1,0,1,0, got allocated to elevator, 0
206.0, elevID,0,  pos,8,  cmd, goto,-1
206.0,Elev,3,  arrived at dest, 7, this call is done!, Elevator call,195.9086965,0,7,3,3, Done, dt, 10.09130350000001
210.0,Elev,2,  arrived at dest, -2, this call is done!, Elevator call,187.7299318,-1,-2,3,2, Done, dt, 22.270068199999997
210.0, elevID,2,  pos,-2,  cmd, goto,1
211.0,Elev,1,  arrived at dest, 6, this call is done!, Elevator call,170.0099621,0,6,3,1, Done, dt, 40.990037900000004
214.0,Elev,4,  arrived at dest, -2, this call is done!, Elevator call,187.1167862,-1,-2,3,4, Done, dt, 26.883213799999993
217.0,Elev,2,  arrived at dest, 1, this call is done!, Elevator call,197.5359191,-1,1,3,2, Done, dt, 19.4640809
225.0,Elev,0,  arrived at src, -1, Elevator call,205.9895199,-1,0,2,0
225.0, elevID,0,  pos,-1,  cmd, goto,0
228.0,Elevator call,227.0798305,-1,5,1,1, got allocated to elevator, 1
228.0, elevID,1,  pos,6,  cmd, goto,-1
232.0,Elevator call,231.5157882,-1,0,1,4, got allocated to elevator, 4
232.0, elevID,4,  pos,-2,  cmd, goto,-1
233.0,Elevator call,232.9504362,0,-1,1,2, got allocated to elevator, 2
233.0, elevID,2,  pos,1,  cmd, goto,0
236.0,Elev,0,  arrived at dest, 0, this call is done!, Elevator call,205.9895199,-1,0,3,0, Done, dt, 30.010480099999995
240.0,Elev,2,  arrived at src, 0, Elevator call,232.9504362,0,-1,2,2
240.0, elevID,2,  pos,0,  cmd, goto,-1
242.0,Elev,1,  arrived at src, -1, Elevator call,227.0798305,-1,5,2,1
242.0, elevID,1,  pos,-1,  cmd, goto,5
243.0,Elev,4,  arrived at src, -1, Elevator call,231.5157882,-1,0,2,4
243.0, elevID,4,  pos,-1,  cmd, goto,0
247.0,Elev,2,  arrived at dest, -1, this call is done!, Elevator call,232.9504362,0,-1,3,2, Done, dt, 14.049563799999987
252.0,Elevator call,251.1044469,-1,-2,1,3, got allocated to elevator, 3
252.0,Elevator call,251.2359335,0,9,1,0, got allocated to elevator, 0
252.0,Elev,0,  arrived at src, 0, Elevator call,251.2359335,0,9,2,0
252.0, elevID,0,  pos,0,  cmd, goto,9
252.0, elevID,3,  pos,7,  cmd, goto,-1
254.0,Elev,4,  arrived at dest, 0, this call is done!, Elevator call,231.5157882,-1,0,3,4, Done, dt, 22.484211799999997
255.0,Elevator call,254.6977153,3,4,1,4, got allocated to elevator, 4
255.0,Elev,1,  arrived at dest, 5, this call is done!, Elevator call,227.0798305,-1,5,3,1, Done, dt, 27.920169499999986
255.0, elevID,4,  pos,0,  cmd, goto,3
258.0,Elevator call,257.7974435,-1,0,1,1, got allocated to elevator, 1
258.0, elevID,1,  pos,5,  cmd, goto,-1
262.0,Elev,3,  arrived at src, -1, Elevator call,251.1044469,-1,-2,2,3
262.0, elevID,3,  pos,-1,  cmd, goto,-2
267.0,Elev,4,  arrived at src, 3, Elevator call,254.6977153,3,4,2,4
267.0, elevID,4,  pos,3,  cmd, goto,4
271.0,Elev,0,  arrived at dest, 9, this call is done!, Elevator call,251.2359335,0,9,3,0, Done, dt, 19.764066500000013
271.0,Elev,1,  arrived at src, -1, Elevator call,257.7974435,-1,0,2,1
271.0, elevID,1,  pos,-1,  cmd, goto,0
271.0,Elev,3,  arrived at dest, -2, this call is done!, Elevator call,251.1044469,-1,-2,3,3, Done, dt, 19.8955531
278.0,Elev,4,  arrived at dest, 4, this call is done!, Elevator call,254.6977153,3,4,3,4, Done, dt, 23.3022847
282.0,Elev,1,  arrived at dest, 0, this call is done!, Elevator call,257.7974435,-1,0,3,1, Done, dt, 24.202556500000014
296.0,Elevator call,295.7943357,0,1,1,3, got allocated to elevator, 3
296.0, elevID,3,  pos,-2,  cmd, goto,0
305.0,Elevator call,304.9984388,6,0,1,2, got allocated to elevator, 2
305.0, elevID,2,  pos,-1,  cmd, goto,6
305.0,Elev,3,  arrived at src, 0, Elevator call,295.7943357,0,1,2,3
305.0, elevID,3,  pos,0,  cmd, goto,1
310.0,Elevator call,309.3005383,0,-1,1,0, got allocated to elevator, 0
310.0, elevID,0,  pos,9,  cmd, goto,0
313.0,Elevator call,312.3018556,0,-1,1,4, got allocated to elevator, 4
313.0,Elev,2,  arrived at src, 6, Elevator call,304.9984388,6,0,2,2
313.0, elevID,2,  pos,6,  cmd, goto,0
313.0, elevID,4,  pos,4,  cmd, goto,0
314.0,Elev,3,  arrived at dest, 1, this call is done!, Elevator call,295.7943357,0,1,3,3, Done, dt, 18.205664300000024
317.0,Elevator call,316.0323783,0,-1,1,1, got allocated to elevator, 1
317.0,Elev,1,  arrived at src, 0, Elevator call,316.0323783,0,-1,2,1
317.0, elevID,1,  pos,0,  cmd, goto,-1
320.0,Elevator call,319.905202,6,5,1,2, got allocated to elevator, 2
320.0,Elev,2,  arrived at dest, 0, this call is done!, Elevator call,304.9984388,6,0,3,2, Done, dt, 15.001561200000026
320.0, elevID,2,  pos,0,  cmd, goto,6
321.0,Elevator call,320.9760749,-1,0,1,3, got allocated to elevator, 3
321.0, elevID,3,  pos,1,  cmd, goto,-1
322.0,Elevator call,321.370409,7,-1,1,2, got allocated to elevator, 2
325.0,Elev,4,  arrived at src, 0, Elevator call,312.3018556,0,-1,2,4
325.0, elevID,4,  pos,0,  cmd, goto,-1
327.0,Elev,2,  arrived at src, 6, Elevator call,319.905202,6,5,2,2
327.0, elevID,2,  pos,6,  cmd, goto,7
328.0,Elev,1,  arrived at dest, -1, this call is done!, Elevator call,316.0323783,0,-1,3,1, Done, dt, 11.967621699999995
329.0,Elev,0,  arrived at src, 0, Elevator call,309.3005383,0,-1,2,0
329.0, elevID,0,  pos,0,  cmd, goto,-1
330.0,Elev,3,  arrived at src, -1, Elevator call,320.9760749,-1,0,2,3
330.0, elevID,3,  pos,-1,  cmd, goto,0
333.0,Elevator call,332.4267319,0,10,1,0, got allocated to elevator, 0
, elevID,0,  pos,0,  cmd, stop,0
334.0,Elev,2,  arrived at src, 7, Elevator call,321.370409,7,-1,2,2
334.0, elevID,2,  pos,7,  cmd, goto,5
336.0,Elev,4,  arrived at dest, -1, this call is done!, Elevator call,312.3018556,0,-1,3,4, Done, dt, 23.69814439999999
337.0,Elevator call,336.9304305,-1,0,1,4, got allocated to elevator, 4
337.0,Elev,4,  arrived at src, -1, Elevator call,336.9304305,-1,0,2,4
337.0, elevID,4,  pos,-1,  cmd, goto,0
339.0,Elev,0,  arrived at src, 0, Elevator call,332.4267319,0,10,2,0
339.0, elevID,0,  pos,0,  cmd, goto,-1
339.0,Elev,3,  arrived at dest, 0, this call is done!, Elevator call,320.9760749,-1,0,3,3, Done, dt, 18.023925099999985
341.0,Elev,2,  arrived at dest, 5, this call is done!, Elevator call,319.905202,6,5,3,2, Done, dt, 21.094798000000026
341.0, elevID,2,  pos,5,  cmd, goto,-1
348.0,Elev,2,  arrived at dest, -1, this call is done!, Elevator call,321.370409,7,-1,3,2, Done, dt, 26.629591000000005
348.0,Elev,4,  arrived at dest, 0, this call is done!, Elevator call,336.9304305,-1,0,3,4, Done, dt, 11.0695695
350.0,Elev,0,  arrived at dest, -1, this call is done!, Elevator call,309.3005383,0,-1,3,0, Done, dt, 40.69946169999997
350.0, elevID,0,  pos,-1,  cmd, goto,10
371.0,Elev,0,  arrived at dest, 10, this call is done!, Elevator call,332.4267319,0,10,3,0, Done, dt, 38.57326810000001
376.0,Elevator call,375.490481,1,0,1,1, got allocated to elevator, 1
376.0, elevID,1,  pos,-1,  cmd, goto,1
387.0,Elev,1,  arrived at src, 1, Elevator call,375.490481,1,0,2,1
387.0, elevID,1,  pos,1,  cmd, goto,0
393.0,Elevator call,392.5160765,0,5,1,2, got allocated to elevator, 2
393.0, elevID,2,  pos,-1,  cmd, goto,0
398.0,Elev,1,  arrived at dest, 0, this call is done!, Elevator call,375.490481,1,0,3,1, Done, dt, 22.50951900000001
400.0,Elev,2,  arrived at src, 0, Elevator call,392.5160765,0,5,2,2
400.0, elevID,2,  pos,0,  cmd, goto,5
406.0,Elevator call,405.1821141,-1,10,1,3, got allocated to elevator, 3
406.0, elevID,3,  pos,0,  cmd, goto,-1
407.0,Elev,2,  arrived at dest, 5, this call is done!, Elevator call,392.5160765,0,5,3,2, Done, dt, 14.483923500000003
415.0,Elev,3,  arrived at src, -1, Elevator call,405.1821141,-1,10,2,3
415.0, elevID,3,  pos,-1,  cmd, goto,10
426.0,Elev,3,  arrived at dest, 10, this call is done!, Elevator call,405.1821141,-1,10,3,3, Done, dt, 20.81788590000002
427.0,Elevator call,426.8615805,2,0,1,0, got allocated to elevator, 0
427.0, elevID,0,  pos,10,  cmd, goto,2
438.0,Elevator call,437.1711158,1,0,1,4, got allocated to elevator, 4
438.0, elevID,4,  pos,0,  cmd, goto,1
445.0,Elev,0,  arrived at src, 2, Elevator call,426.8615805,2,0,2,0
445.0, elevID,0,  pos,2,  cmd, goto,0
449.0,Elev,4,  arrived at src, 1, Elevator call,437.1711158,1,0,2,4
449.0, elevID,4,  pos,1,  cmd, goto,0
457.0,Elev,0,  arrived at dest, 0, this call is done!, Elevator call,426.8615805,2,0,3,0, Done, dt, 30.138419499999998
460.0,Elev,4,  arrived at dest, 0, this call is done!, Elevator call,437.1711158,1,0,3,4, Done, dt, 22.828884200000005
473.0,Elevator call,472.7445474,10,-1,1,3, got allocated to elevator, 3
473.0,Elev,3,  arrived at src, 10, Elevator call,472.7445474,10,-1,2,3
473.0, elevID,3,  pos,10,  cmd, goto,-1
484.0,Elev,3,  arrived at dest, -1, this call is done!, Elevator call,472.7445474,10,-1,3,3, Done, dt, 11.255452600000012
501.0,Elevator call,500.3712045,8,-1,1,2, got allocated to elevator, 2
501.0, elevID,2,  pos,5,  cmd, goto,8
504.0,Elevator call,503.1384784,1,-1,1,1, got allocated to elevator, 1
504.0, elevID,1,  pos,0,  cmd, goto,1
505.0,Elevator call,504.4317942,0,-1,1,3, got allocated to elevator, 3
505.0, elevID,3,  pos,-1,  cmd, goto,0
508.0,Elev,2,  arrived at src, 8, Elevator call,500.3712045,8,-1,2,2
508.0, elevID,2,  pos,8,  cmd, goto,-1
514.0,Elev,3,  arrived at src, 0, Elevator call,504.4317942,0,-1,2,3
514.0, elevID,3,  pos,0,  cmd, goto,-1
515.0,Elev,1,  arrived at src, 1, Elevator call,503.1384784,1,-1,2,1
515.0, elevID,1,  pos,1,  cmd, goto,-1
516.0,Elev,2,  arrived at dest, -1, this call is done!, Elevator call,500.3712045,8,-1,3,2, Done, dt, 15.628795500000024
523.0,Elev,3,  arrived at dest, -1, this call is done!, Elevator call,504.4317942,0,-1,3,3, Done, dt, 18.568205799999987
526.0,Elev,1,  arrived at dest, -1, this call is done!, Elevator call,503.1384784,1,-1,3,1, Done, dt, 22.861521600000003
530.0,Elevator call,529.6277472,3,-1,1,0, got allocated to elevator, 0
530.0, elevID,0,  pos,0,  cmd, goto,3
538.0,Elevator call,537.7866884,-1,6,1,4, got allocated to elevator, 4
538.0, elevID,4,  pos,0,  cmd, goto,-1
543.0,Elev,0,  arrived at src, 3, Elevator call,529.6277472,3,-1,2,0
543.0, elevID,0,  pos,3,  cmd, goto,-1
545.0,Elevator call,544.7880392,6,-1,1,2, got allocated to elevator, 2
545.0, elevID,2,  pos,-1,  cmd, goto,6
549.0,Elev,4,  arrived at src, -1, Elevator call,537.7866884,-1,6,2,4
549.0, elevID,4,  pos,-1,  cmd, goto,6
553.0,Elev,2,  arrived at src, 6, Elevator call,544.7880392,6,-1,2,2
553.0, elevID,2,  pos,6,  cmd, goto,-1
555.0,Elevator call,554.0892923,4,0,1,1, got allocated to elevator, 1
555.0, elevID,1,  pos,-1,  cmd, goto,4
557.0,Elev,0,  arrived at dest, -1, this call is done!, Elevator call,529.6277472,3,-1,3,0, Done, dt, 27.372252799999956
558.0,Elevator call,557.244139,10,0,1,2, got allocated to elevator, 2
561.0,Elev,2,  arrived at dest, -1, this call is done!, Elevator call,544.7880392,6,-1,3,2, Done, dt, 16.211960800000043
561.0, elevID,2,  pos,-1,  cmd, goto,10
563.0,Elev,4,  arrived at dest, 6, this call is done!, Elevator call,537.7866884,-1,6,3,4, Done, dt, 25.213311599999997
566.0,Elevator call,565.0195522,0,-1,1,0, got allocated to elevator, 0
566.0, elevID,0,  pos,-1,  cmd, goto,0
568.0,Elev,1,  arrived at src, 4, Elevator call,554.0892923,4,0,2,1
568.0, elevID,1,  pos,4,  cmd, goto,0
569.0,Elev,2,  arrived at src, 10, Elevator call,557.244139,10,0,2,2
569.0, elevID,2,  pos,10,  cmd, goto,0
577.0,Elev,0,  arrived at src, 0, Elevator call,565.0195522,0,-1,2,0
577.0, elevID,0,  pos,0,  cmd, goto,-1
577.0,Elev,2,  arrived at dest, 0, this call is done!, Elevator call,557.244139,10,0,3,2, Done, dt, 19.75586099999998
580.0,Elev,1,  arrived at dest, 0, this call is done!, Elevator call,554.0892923,4,0,3,1, Done, dt, 25.91070769999999
582.0,Elevator call,581.870309,0,3,1,4, got allocated to elevator, 4
582.0, elevID,4,  pos,6,  cmd, goto,0
588.0,Elev,0,  arrived at dest, -1, this call is done!, Elevator call,565.0195522,0,-1,3,0, Done, dt, 22.98044779999998
595.0,Elev,4,  arrived at src, 0, Elevator call,581.870309,0,3,2,4
595.0, elevID,4,  pos,0,  cmd, goto,3
597.0,Elevator call,596.1232023,8,0,1,3, got allocated to elevator, 3
597.0, elevID,3,  pos,-1,  cmd, goto,8
601.0,Elevator call,600.931288,1,0,1,1, got allocated to elevator, 1
601.0, elevID,1,  pos,0,  cmd, goto,1
604.0,Elevator call,603.9342327,7,0,1,2, got allocated to elevator, 2
604.0, elevID,2,  pos,0,  cmd, goto,7
607.0,Elev,3,  arrived at src, 8, Elevator call,596.1232023,8,0,2,3
607.0, elevID,3,  pos,8,  cmd, goto,0
607.0,Elev,4,  arrived at dest, 3, this call is done!, Elevator call,581.870309,0,3,3,4, Done, dt, 25.12969099999998
612.0,Elev,1,  arrived at src, 1, Elevator call,600.931288,1,0,2,1
612.0, elevID,1,  pos,1,  cmd, goto,0
612.0,Elev,2,  arrived at src, 7, Elevator call,603.9342327,7,0,2,2
612.0, elevID,2,  pos,7,  cmd, goto,0
617.0,Elev,3,  arrived at dest, 0, this call is done!, Elevator call,596.1232023,8,0,3,3, Done, dt, 20.876797699999997
618.0,Elevator call,617.9628339,0,3,1,3, got allocated to elevator, 3
618.0,Elev,3,  arrived at src, 0, Elevator call,617.9628339,0,3,2,3
618.0, elevID,3,  pos,0,  cmd, goto,3
620.0,Elevator call,619.6454197,9,0,1,2, got allocated to elevator, 2
620.0,Elev,2,  arrived at dest, 0, this call is done!, Elevator call,603.9342327,7,0,3,2, Done, dt, 16.065767299999948
620.0, elevID,2,  pos,0,  cmd, goto,9
623.0,Elev,1,  arrived at dest, 0, this call is done!, Elevator call,600.931288,1,0,3,1, Done, dt, 22.068712000000005
627.0,Elevator call,626.2116172,0,1,1,2, got allocated to elevator, 2
627.0,Elev,3,  arrived at dest, 3, this call is done!, Elevator call,617.9628339,0,3,3,3, Done, dt, 9.037166100000036
628.0,Elev,2,  arrived at src, 9, Elevator call,619.6454197,9,0,2,2
628.0, elevID,2,  pos,9,  cmd, goto,0
636.0,Elev,2,  arrived at dest, 0, this call is done!, Elevator call,619.6454197,9,0,3,2, Done, dt, 16.354580299999952
636.0,Elev,2,  arrived at src, 0, Elevator call,626.2116172,0,1,2,2
636.0, elevID,2,  pos,0,  cmd, goto,1
643.0,Elev,2,  arrived at dest, 1, this call is done!, Elevator call,626.2116172,0,1,3,2, Done, dt, 16.788382800000022
644.0,Elevator call,643.8547515,-1,2,1,0, got allocated to elevator, 0
644.0,Elev,0,  arrived at src, -1, Elevator call,643.8547515,-1,2,2,0
644.0, elevID,0,  pos,-1,  cmd, goto,2
657.0,Elev,0,  arrived at dest, 2, this call is done!, Elevator call,643.8547515,-1,2,3,0, Done, dt, 13.14524849999998
661.0,Elevator call,660.0732908,6,10,1,4, got allocated to elevator, 4
661.0, elevID,4,  pos,3,  cmd, goto,6
662.0,Elevator call,661.042082,-1,3,1,1, got allocated to elevator, 1
662.0, elevID,1,  pos,0,  cmd, goto,-1
663.0,Elevator call,662.1730528,-1,5,1,3, got allocated to elevator, 3
663.0, elevID,3,  pos,3,  cmd, goto,-1
666.0,Elevator call,665.1155549,-1,8,1,4, got allocated to elevator, 4
667.0,Elevator call,666.0340295,4,0,1,1, got allocated to elevator, 1
667.0,Elevator call,666.2411587,5,-1,1,2, got allocated to elevator, 2
667.0, elevID,2,  pos,1,  cmd, goto,5
672.0,Elev,3,  arrived at src, -1, Elevator call,662.1730528,-1,5,2,3
672.0, elevID,3,  pos,-1,  cmd, goto,5
673.0,Elevator call,672.6773142,0,-1,1,3, got allocated to elevator, 3
673.0,Elev,1,  arrived at src, -1, Elevator call,661.042082,-1,3,2,1
673.0, elevID,1,  pos,-1,  cmd, goto,3
673.0, elevID,3,  pos,-1,  cmd, stop,0
673.0,Elev,4,  arrived at src, 6, Elevator call,660.0732908,6,10,2,4
673.0, elevID,4,  pos,6,  cmd, goto,10
674.0,Elev,2,  arrived at src, 5, Elevator call,666.2411587,5,-1,2,2
674.0, elevID,2,  pos,5,  cmd, goto,-1
678.0,Elevator call,677.7341948,0,-1,1,2, got allocated to elevator, 2
679.0,Elevator call,678.9953585,-1,-2,1,0, got allocated to elevator, 0
679.0, elevID,0,  pos,2,  cmd, goto,-1
681.0,Elev,2,  arrived at dest, -1, this call is done!, Elevator call,666.2411587,5,-1,3,2, Done, dt, 14.758841299999972
681.0, elevID,2,  pos,-1,  cmd, goto,0
681.0,Elev,3,  arrived at src, 0, Elevator call,672.6773142,0,-1,2,3
681.0, elevID,3,  pos,0,  cmd, goto,5
685.0,Elev,1,  arrived at dest, 3, this call is done!, Elevator call,661.042082,-1,3,3,1, Done, dt, 23.95791799999995
685.0, elevID,1,  pos,3,  cmd, goto,4
685.0,Elev,4,  arrived at dest, 10, this call is done!, Elevator call,660.0732908,6,10,3,4, Done, dt, 24.926709200000005
685.0, elevID,4,  pos,10,  cmd, goto,-1
688.0,Elev,2,  arrived at src, 0, Elevator call,677.7341948,0,-1,2,2
688.0, elevID,2,  pos,0,  cmd, goto,-1
691.0,Elev,3,  arrived at dest, 5, this call is done!, Elevator call,662.1730528,-1,5,3,3, Done, dt, 28.82694719999995
691.0, elevID,3,  pos,5,  cmd, goto,-1
692.0,Elev,0,  arrived at src, -1, Elevator call,678.9953585,-1,-2,2,0
692.0, elevID,0,  pos,-1,  cmd, goto,-2
695.0,Elev,2,  arrived at dest, -1, this call is done!, Elevator call,677.7341948,0,-1,3,2, Done, dt, 17.265805200000045
696.0,Elevator call,695.2239882,0,10,1,3, got allocated to elevator, 3
696.0,Elev,1,  arrived at src, 4, Elevator call,666.0340295,4,0,2,1
696.0, elevID,1,  pos,4,  cmd, goto,0
, elevID,3,  pos,0,  cmd, stop,0
701.0,Elev,3,  arrived at src, 0, Elevator call,695.2239882,0,10,2,3
701.0, elevID,3,  pos,0,  cmd, goto,-1
701.0,Elev,4,  arrived at src, -1, Elevator call,665.1155549,-1,8,2,4
701.0, elevID,4,  pos,-1,  cmd, goto,8
703.0,Elev,0,  arrived at dest, -2, this call is done!, Elevator call,678.9953585,-1,-2,3,0, Done, dt, 24.004641500000048
707.0,Elevator call,706.1583475,-1,-2,1,0, got allocated to elevator, 0
707.0, elevID,0,  pos,-2,  cmd, goto,-1
708.0,Elev,1,  arrived at dest, 0, this call is done!, Elevator call,666.0340295,4,0,3,1, Done, dt, 41.965970500000026
710.0,Elev,3,  arrived at dest, -1, this call is done!, Elevator call,672.6773142,0,-1,3,3, Done, dt, 37.322685800000045
710.0, elevID,3,  pos,-1,  cmd, goto,10
711.0,Elevator call,710.324977,0,1,1,4, got allocated to elevator, 4
714.0,Elevator call,713.0191971,1,0,1,1, got allocated to elevator, 1
714.0,Elevator call,713.2499766,10,-1,1,2, got allocated to elevator, 2
714.0, elevID,1,  pos,0,  cmd, goto,1
714.0, elevID,2,  pos,-1,  cmd, goto,10
716.0,Elev,4,  arrived at dest, 8, this call is done!, Elevator call,665.1155549,-1,8,3,4, Done, dt, 50.88444509999999
716.0, elevID,4,  pos,8,  cmd, goto,0
718.0,Elev,0,  arrived at src, -1, Elevator call,706.1583475,-1,-2,2,0
718.0, elevID,0,  pos,-1,  cmd, goto,-2
721.0,Elev,3,  arrived at dest, 10, this call is done!, Elevator call,695.2239882,0,10,3,3, Done, dt, 25.776011799999992
722.0,Elev,2,  arrived at src, 10, Elevator call,713.2499766,10,-1,2,2
722.0, elevID,2,  pos,10,  cmd, goto,-1
723.0,Elevator call,722.6161213,10,0,1,3, got allocated to elevator, 3
723.0,Elev,3,  arrived at src, 10, Elevator call,722.6161213,10,0,2,3
723.0, elevID,3,  pos,10,  cmd, goto,0
725.0,Elev,1,  arrived at src, 1, Elevator call,713.0191971,1,0,2,1
725.0, elevID,1,  pos,1,  cmd, goto,0
728.0,Elevator call,727.5146029,-1,0,1,0, got allocated to elevator, 0
729.0,Elev,0,  arrived at dest, -2, this call is done!, Elevator call,706.1583475,-1,-2,3,0, Done, dt, 22.84165250000001
729.0, elevID,0,  pos,-2,  cmd, goto,-1
730.0,Elev,2,  arrived at dest, -1, this call is done!, Elevator call,713.2499766,10,-1,3,2, Done, dt, 16.750023400000032
730.0,Elev,4,  arrived at src, 0, Elevator call,710.324977,0,1,2,4
730.0, elevID,4,  pos,0,  cmd, goto,1
733.0,Elevator call,732.9746341,6,-1,1,2, got allocated to elevator, 2
733.0, elevID,2,  pos,-1,  cmd, goto,6
733.0,Elev,3,  arrived at dest, 0, this call is done!, Elevator call,722.6161213,10,0,3,3, Done, dt, 10.383878699999968
736.0,Elev,1,  arrived at dest, 0, this call is done!, Elevator call,713.0191971,1,0,3,1, Done, dt, 22.980802899999958
738.0,Elevator call,737.3147202,1,0,1,2, got allocated to elevator, 2
740.0,Elev,0,  arrived at src, -1, Elevator call,727.5146029,-1,0,2,0
740.0, elevID,0,  pos,-1,  cmd, goto,0
741.0,Elev,2,  arrived at src, 6, Elevator call,732.9746341,6,-1,2,2
741.0, elevID,2,  pos,6,  cmd, goto,1
741.0,Elev,4,  arrived at dest, 1, this call is done!, Elevator call,710.324977,0,1,3,4, Done, dt, 30.67502300000001
748.0,Elev,2,  arrived at src, 1, Elevator call,737.3147202,1,0,2,2
748.0, elevID,2,  pos,1,  cmd, goto,0
751.0,Elev,0,  arrived at dest, 0, this call is done!, Elevator call,727.5146029,-1,0,3,0, Done, dt, 23.4853971
755.0,Elev,2,  arrived at dest, 0, this call is done!, Elevator call,737.3147202,1,0,3,2, Done, dt, 17.68527979999999
755.0, elevID,2,  pos,0,  cmd, goto,-1
762.0,Elev,2,  arrived at dest, -1, this call is done!, Elevator call,732.9746341,6,-1,3,2, Done, dt, 29.025365899999997
780.0,Elevator call,779.3996914,-1,5,1,1, got allocated to elevator, 1
780.0, elevID,1,  pos,0,  cmd, goto,-1
791.0,Elev,1,  arrived at src, -1, Elevator call,779.3996914,-1,5,2,1
791.0, elevID,1,  pos,-1,  cmd, goto,5
804.0,Elev,1,  arrived at dest, 5, this call is done!, Elevator call,779.3996914,-1,5,3,1, Done, dt, 24.60030859999995
806.0,Elevator call,805.6754743,-1,-2,1,4, got allocated to elevator, 4
806.0, elevID,4,  pos,1,  cmd, goto,-1
811.0,Elevator call,810.4469089,2,0,1,0, got allocated to elevator, 0
811.0, elevID,0,  pos,0,  cmd, goto,2
817.0,Elevator call,816.1516998,7,-1,1,3, got allocated to elevator, 3
817.0, elevID,3,  pos,0,  cmd, goto,7
817.0,Elev,4,  arrived at src, -1, Elevator call,805.6754743,-1,-2,2,4
817.0, elevID,4,  pos,-1,  cmd, goto,-2
823.0,Elev,0,  arrived at src, 2, Elevator call,810.4469089,2,0,2,0
823.0, elevID,0,  pos,2,  cmd, goto,0
826.0,Elevator call,825.4575185,7,0,1,4, got allocated to elevator, 4
827.0,Elev,3,  arrived at src, 7, Elevator call,816.1516998,7,-1,2,3
827.0, elevID,3,  pos,7,  cmd, goto,-1
828.0,Elev,4,  arrived at dest, -2, this call is done!, Elevator call,805.6754743,-1,-2,3,4, Done, dt, 22.32452569999998
828.0, elevID,4,  pos,-2,  cmd, goto,7
835.0,Elev,0,  arrived at dest, 0, this call is done!, Elevator call,810.4469089,2,0,3,0, Done, dt, 24.55309109999996
837.0,Elev,3,  arrived at dest, -1, this call is done!, Elevator call,816.1516998,7,-1,3,3, Done, dt, 20.84830020000004
840.0,Elevator call,839.8525653,0,1,1,1, got allocated to elevator, 1
840.0, elevID,1,  pos,5,  cmd, goto,0
843.0,Elev,4,  arrived at src, 7, Elevator call,825.4575185,7,0,2,4
843.0, elevID,4,  pos,7,  cmd, goto,0
853.0,Elev,1,  arrived at src, 0, Elevator call,839.8525653,0,1,2,1
853.0, elevID,1,  pos,0,  cmd, goto,1
855.0,Elevator call,854.2002278,6,-1,1,2, got allocated to elevator, 2
855.0, elevID,2,  pos,-1,  cmd, goto,6
857.0,Elev,4,  arrived at dest, 0, this call is done!, Elevator call,825.4575185,7,0,3,4, Done, dt, 31.542481500000008
863.0,Elev,2,  arrived at src, 6, Elevator call,854.2002278,6,-1,2,2
863.0, elevID,2,  pos,6,  cmd, goto,-1
864.0,Elevator call,863.8932913,0,-1,1,3, got allocated to elevator, 3
864.0,Elev,1,  arrived at dest, 1, this call is done!, Elevator call,839.8525653,0,1,3,1, Done, dt, 24.147434699999963
864.0, elevID,3,  pos,-1,  cmd, goto,0
871.0,Elevator call,870.5053024,0,7,1,0, got allocated to elevator, 0
871.0,Elev,0,  arrived at src, 0, Elevator call,870.5053024,0,7,2,0
871.0, elevID,0,  pos,0,  cmd, goto,7
871.0,Elev,2,  arrived at dest, -1, this call is done!, Elevator call,854.2002278,6,-1,3,2, Done, dt, 16.799772200000007
873.0,Elev,3,  arrived at src, 0, Elevator call,863.8932913,0,-1,2,3
873.0, elevID,3,  pos,0,  cmd, goto,-1
882.0,Elev,3,  arrived at dest, -1, this call is done!, Elevator call,863.8932913,0,-1,3,3, Done, dt, 18.106708700000013
887.0,Elevator call,886.5649993,-1,-2,1,4, got allocated to elevator, 4
887.0, elevID,4,  pos,0,  cmd, goto,-1
888.0,Elev,0,  arrived at dest, 7, this call is done!, Elevator call,870.5053024,0,7,3,0, Done, dt, 17.494697599999995
893.0,Elevator call,892.5212151,9,-1,1,1, got allocated to elevator, 1
893.0, elevID,1,  pos,1,  cmd, goto,9
898.0,Elev,4,  arrived at src, -1, Elevator call,886.5649993,-1,-2,2,4
898.0, elevID,4,  pos,-1,  cmd, goto,-2
907.0,Elev,1,  arrived at src, 9, Elevator call,892.5212151,9,-1,2,1
907.0, elevID,1,  pos,9,  cmd, goto,-1
909.0,Elev,4,  arrived at dest, -2, this call is done!, Elevator call,886.5649993,-1,-2,3,4, Done, dt, 22.435000700000046
911.0,Elevator call,910.5388559,6,5,1,2, got allocated to elevator, 2
911.0, elevID,2,  pos,-1,  cmd, goto,6
916.0,Elevator call,915.9490575,4,-1,1,3, got allocated to elevator, 3
916.0, elevID,3,  pos,-1,  cmd, goto,4
919.0,Elev,2,  arrived at src, 6, Elevator call,910.5388559,6,5,2,2
919.0, elevID,2,  pos,6,  cmd, goto,5
922.0,Elev,1,  arrived at dest, -1, this call is done!, Elevator call,892.5212151,9,-1,3,1, Done, dt, 29.47878490000005
926.0,Elev,2,  arrived at dest, 5, this call is done!, Elevator call,910.5388559,6,5,3,2, Done, dt, 15.461144099999956
926.0,Elev,3,  arrived at src, 4, Elevator call,915.9490575,4,-1,2,3
926.0, elevID,3,  pos,4,  cmd, goto,-1
934.0,Elevator call,933.8580452,7,5,1,2, got allocated to elevator, 2
934.0, elevID,2,  pos,5,  cmd, goto,7
936.0,Elev,3,  arrived at dest, -1, this call is done!, Elevator call,915.9490575,4,-1,3,3, Done, dt, 20.05094250000002
941.0,Elev,2,  arrived at src, 7, Elevator call,933.8580452,7,5,2,2
941.0, elevID,2,  pos,7,  cmd, goto,5
948.0,Elev,2,  arrived at dest, 5, this call is done!, Elevator call,933.8580452,7,5,3,2, Done, dt, 14.141954800000008
962.0,Elevator call,961.6862856,6,-1,1,2, got allocated to elevator, 2
962.0, elevID,2,  pos,5,  cmd, goto,6
969.0,Elev,2,  arrived at src, 6, Elevator call,961.6862856,6,-1,2,2
969.0, elevID,2,  pos,6,  cmd, goto,-1
973.0,Elevator call,972.8032126,1,0,1,0, got allocated to elevator, 0
973.0, elevID,0,  pos,7,  cmd, goto,1
976.0,Elevator call,975.8361203,0,-1,1,4, got allocated to elevator, 4
976.0, elevID,4,  pos,-2,  cmd, goto,0
977.0,Elev,2,  arrived at dest, -1, this call is done!, Elevator call,961.6862856,6,-1,3,2, Done, dt, 15.31371439999998
979.0,Elevator call,978.5925149,10,0,1,1, got allocated to elevator, 1
979.0,Elevator call,978.6210501,10,-1,1,3, got allocated to elevator, 3
979.0, elevID,1,  pos,-1,  cmd, goto,10
979.0, elevID,3,  pos,-1,  cmd, goto,10
985.0,Elevator call,984.1840186,7,0,1,2, got allocated to elevator, 2
985.0, elevID,2,  pos,-1,  cmd, goto,7
987.0,Elev,4,  arrived at src, 0, Elevator call,975.8361203,0,-1,2,4
987.0, elevID,4,  pos,0,  cmd, goto,-1
989.0,Elev,0,  arrived at src, 1, Elevator call,972.8032126,1,0,2,0
989.0, elevID,0,  pos,1,  cmd, goto,0
990.0,Elev,3,  arrived at src, 10, Elevator call,978.6210501,10,-1,2,3
990.0, elevID,3,  pos,10,  cmd, goto,-1
993.0,Elev,2,  arrived at src, 7, Elevator call,984.1840186,7,0,2,2
993.0, elevID,2,  pos,7,  cmd, goto,0
995.0,Elev,1,  arrived at src, 10, Elevator call,978.5925149,10,0,2,1
995.0, elevID,1,  pos,10,  cmd, goto,0
998.0,Elev,4,  arrived at dest, -1, this call is done!, Elevator call,975.8361203,0,-1,3,4, Done, dt, 22.163879700000052
1000.0,Elev,0,  arrived at dest, 0, this call is done!, Elevator call,972.8032126,1,0,3,0, Done, dt, 27.19678739999995
1001.0,Elev,2,  arrived at dest, 0, this call is done!, Elevator call,984.1840186,7,0,3,2, Done, dt, 16.815981400000055
1001.0,Elev,3,  arrived at dest, -1, this call is done!, Elevator call,978.6210501,10,-1,3,3, Done, dt, 22.378949899999952
1010.0,Elev,1,  arrived at dest, 0, this call is done!, Elevator call,978.5925149,10,0,3,1, Done, dt, 31.40748510000003
1011.0,************* Simulation Ended ************
Code Owners,208601401,212174486,  Building_file,./data/Ex1_input/Ex1_Buildings/B4.json,  Calls,B4_a.csv
Total waiting time: 2127.0,  average waiting time per call: 21.27,  unCompleted calls,0,  certificate, -51398310
